{"numFailedTestSuites":0,"numFailedTests":0,"numPassedTestSuites":1,"numPassedTests":6,"numPendingTestSuites":0,"numPendingTests":0,"numRuntimeErrorTestSuites":0,"numTodoTests":0,"numTotalTestSuites":1,"numTotalTests":6,"openHandles":[],"snapshot":{"added":0,"didUpdate":false,"failure":false,"filesAdded":0,"filesRemoved":0,"filesRemovedList":[],"filesUnmatched":0,"filesUpdated":0,"matched":0,"total":0,"unchecked":0,"uncheckedKeysByFile":[],"unmatched":0,"updated":0},"startTime":1787049930431,"success":true,"testResults":[{"assertionResults":[{"ancestorTitles":["errorUtils - normalizeApiError"],"duration":3,"failureDetails":[],"failureMessages":[],"fullName":"errorUtils - normalizeApiError handles falsy values","invocations":1,"location":null,"numPassingAsserts":2,"retryReasons":[],"status":"passed","title":"handles falsy values"},{"ancestorTitles":["errorUtils - normalizeApiError"],"duration":0,"failureDetails":[],"failureMessages":[],"fullName":"errorUtils - normalizeApiError handles strings","invocations":1,"location":null,"numPassingAsserts":2,"retryReasons":[],"status":"passed","title":"handles strings"},{"ancestorTitles":["errorUtils - normalizeApiError"],"duration":1,"failureDetails":[],"failureMessages":[],"fullName":"errorUtils - normalizeApiError handles Error instances","invocations":1,"location":null,"numPassingAsserts":2,"retryReasons":[],"status":"passed","title":"handles Error instances"},{"ancestorTitles":["errorUtils - normalizeApiError"],"duration":0,"failureDetails":[],"failureMessages":[],"fullName":"errorUtils - normalizeApiError handles objects with direct message fields","invocations":1,"location":null,"numPassingAsserts":2,"retryReasons":[],"status":"passed","title":"handles objects with direct message fields"},{"ancestorTitles":["errorUtils - normalizeApiError"],"duration":1,"failureDetails":[],"failureMessages":[],"fullName":"errorUtils - normalizeApiError handles nested error envelopes","invocations":1,"location":null,"numPassingAsserts":1,"retryReasons":[],"status":"passed","title":"handles nested error envelopes"},{"ancestorTitles":["errorUtils - normalizeApiError"],"duration":0,"failureDetails":[],"failureMessages":[],"fullName":"errorUtils - normalizeApiError prevents [object Object] from leaking","invocations":1,"location":null,"numPassingAsserts":2,"retryReasons":[],"status":"passed","title":"prevents [object Object] from leaking"}],"endTime":1787049931174,"message":"","name":"D:\\Krishna website\\tests\\unit\\errorUtils.test.ts","startTime":1787049930786,"status":"passed","summary":""}],"wasInterrupted":false}
