{"numFailedTestSuites":1,"numFailedTests":4,"numPassedTestSuites":0,"numPassedTests":0,"numPendingTestSuites":0,"numPendingTests":0,"numRuntimeErrorTestSuites":0,"numTodoTests":0,"numTotalTestSuites":1,"numTotalTests":4,"openHandles":[],"snapshot":{"added":0,"didUpdate":false,"failure":false,"filesAdded":0,"filesRemoved":0,"filesRemovedList":[],"filesUnmatched":0,"filesUpdated":0,"matched":0,"total":0,"unchecked":0,"uncheckedKeysByFile":[],"unmatched":0,"updated":0},"startTime":1787049940647,"success":false,"testResults":[{"assertionResults":[{"ancestorTitles":["Integration Tests - API Endpoints"],"duration":27,"failureDetails":[{"errno":-4078,"code":"ECONNREFUSED","syscall":"connect","address":"127.0.0.1","port":3000}],"failureMessages":["Error: connect ECONNREFUSED 127.0.0.1:3000\n    at TCPConnectWrap.afterConnect [as oncomplete] (node:net:1705:16)"],"fullName":"Integration Tests - API Endpoints GET /api/auth/smtp-status should return SMTP status","invocations":1,"location":null,"numPassingAsserts":0,"retryReasons":[],"status":"failed","title":"GET /api/auth/smtp-status should return SMTP status"},{"ancestorTitles":["Integration Tests - API Endpoints"],"duration":6,"failureDetails":[{"errno":-4078,"code":"ECONNREFUSED","syscall":"connect","address":"127.0.0.1","port":3000}],"failureMessages":["Error: connect ECONNREFUSED 127.0.0.1:3000\n    at TCPConnectWrap.afterConnect [as oncomplete] (node:net:1705:16)"],"fullName":"Integration Tests - API Endpoints POST /api/auth/forgot-password with invalid email returns 400","invocations":1,"location":null,"numPassingAsserts":0,"retryReasons":[],"status":"failed","title":"POST /api/auth/forgot-password with invalid email returns 400"},{"ancestorTitles":["Integration Tests - API Endpoints"],"duration":2,"failureDetails":[{"errno":-4078,"code":"ECONNREFUSED","syscall":"connect","address":"127.0.0.1","port":3000}],"failureMessages":["Error: connect ECONNREFUSED 127.0.0.1:3000\n    at TCPConnectWrap.afterConnect [as oncomplete] (node:net:1705:16)"],"fullName":"Integration Tests - API Endpoints POST /api/chat with missing token/auth returns error gracefully","invocations":1,"location":null,"numPassingAsserts":0,"retryReasons":[],"status":"failed","title":"POST /api/chat with missing token/auth returns error gracefully"},{"ancestorTitles":["Integration Tests - API Endpoints"],"duration":1,"failureDetails":[{"errno":-4078,"code":"ECONNREFUSED","syscall":"connect","address":"127.0.0.1","port":3000}],"failureMessages":["Error: connect ECONNREFUSED 127.0.0.1:3000\n    at TCPConnectWrap.afterConnect [as oncomplete] (node:net:1705:16)"],"fullName":"Integration Tests - API Endpoints POST /api/vision/analyze without auth returns 401","invocations":1,"location":null,"numPassingAsserts":0,"retryReasons":[],"status":"failed","title":"POST /api/vision/analyze without auth returns 401"}],"endTime":1787049941779,"message":"  ● Integration Tests - API Endpoints › GET /api/auth/smtp-status should return SMTP status\n\n    connect ECONNREFUSED 127.0.0.1:3000\n\n\n\n  ● Integration Tests - API Endpoints › POST /api/auth/forgot-password with invalid email returns 400\n\n    connect ECONNREFUSED 127.0.0.1:3000\n\n\n\n  ● Integration Tests - API Endpoints › POST /api/chat with missing token/auth returns error gracefully\n\n    connect ECONNREFUSED 127.0.0.1:3000\n\n\n\n  ● Integration Tests - API Endpoints › POST /api/vision/analyze without auth returns 401\n\n    connect ECONNREFUSED 127.0.0.1:3000\n\n\n","name":"D:\\Krishna website\\tests\\integration\\api.test.ts","startTime":1787049941050,"status":"failed","summary":""}],"wasInterrupted":false}
