{"numFailedTestSuites":0,"numFailedTests":0,"numPassedTestSuites":1,"numPassedTests":5,"numPendingTestSuites":0,"numPendingTests":0,"numRuntimeErrorTestSuites":0,"numTodoTests":0,"numTotalTestSuites":1,"numTotalTests":5,"openHandles":[],"snapshot":{"added":0,"didUpdate":false,"failure":false,"filesAdded":0,"filesRemoved":0,"filesRemovedList":[],"filesUnmatched":0,"filesUpdated":0,"matched":0,"total":0,"unchecked":0,"uncheckedKeysByFile":[],"unmatched":0,"updated":0},"startTime":1787051640332,"success":true,"testResults":[{"assertionResults":[{"ancestorTitles":["Integration Tests - API Endpoints"],"duration":1046,"failureDetails":[],"failureMessages":[],"fullName":"Integration Tests - API Endpoints GET /api/auth/smtp-status should return SMTP status","invocations":1,"location":null,"numPassingAsserts":2,"retryReasons":[],"status":"passed","title":"GET /api/auth/smtp-status should return SMTP status"},{"ancestorTitles":["Integration Tests - API Endpoints"],"duration":181,"failureDetails":[],"failureMessages":[],"fullName":"Integration Tests - API Endpoints POST /api/auth/forgot-password with invalid email returns 400","invocations":1,"location":null,"numPassingAsserts":2,"retryReasons":[],"status":"passed","title":"POST /api/auth/forgot-password with invalid email returns 400"},{"ancestorTitles":["Integration Tests - API Endpoints"],"duration":238,"failureDetails":[],"failureMessages":[],"fullName":"Integration Tests - API Endpoints POST /api/chat with missing token/auth returns error gracefully","invocations":1,"location":null,"numPassingAsserts":1,"retryReasons":[],"status":"passed","title":"POST /api/chat with missing token/auth returns error gracefully"},{"ancestorTitles":["Integration Tests - API Endpoints"],"duration":3,"failureDetails":[],"failureMessages":[],"fullName":"Integration Tests - API Endpoints GET /api/health should return 200 OK status","invocations":1,"location":null,"numPassingAsserts":2,"retryReasons":[],"status":"passed","title":"GET /api/health should return 200 OK status"},{"ancestorTitles":["Integration Tests - API Endpoints"],"duration":4,"failureDetails":[],"failureMessages":[],"fullName":"Integration Tests - API Endpoints POST /api/vision/analyze without valid image returns 400 or 401","invocations":1,"location":null,"numPassingAsserts":2,"retryReasons":[],"status":"passed","title":"POST /api/vision/analyze without valid image returns 400 or 401"}],"endTime":1787051643463,"message":"","name":"D:\\Krishna website\\tests\\integration\\api.test.ts","startTime":1787051640626,"status":"passed","summary":""}],"wasInterrupted":false}
