{"numFailedTestSuites":0,"numFailedTests":0,"numPassedTestSuites":2,"numPassedTests":24,"numPendingTestSuites":0,"numPendingTests":0,"numRuntimeErrorTestSuites":0,"numTodoTests":0,"numTotalTestSuites":2,"numTotalTests":24,"openHandles":[],"snapshot":{"added":0,"didUpdate":false,"failure":false,"filesAdded":0,"filesRemoved":0,"filesRemovedList":[],"filesUnmatched":0,"filesUpdated":0,"matched":0,"total":0,"unchecked":0,"uncheckedKeysByFile":[],"unmatched":0,"updated":0},"startTime":1787137476493,"success":true,"testResults":[{"assertionResults":[{"ancestorTitles":["errorUtils - normalizeApiError"],"duration":3,"failureDetails":[],"failureMessages":[],"fullName":"errorUtils - normalizeApiError handles falsy values","invocations":1,"location":null,"numPassingAsserts":2,"retryReasons":[],"status":"passed","title":"handles falsy values"},{"ancestorTitles":["errorUtils - normalizeApiError"],"duration":0,"failureDetails":[],"failureMessages":[],"fullName":"errorUtils - normalizeApiError handles strings","invocations":1,"location":null,"numPassingAsserts":2,"retryReasons":[],"status":"passed","title":"handles strings"},{"ancestorTitles":["errorUtils - normalizeApiError"],"duration":0,"failureDetails":[],"failureMessages":[],"fullName":"errorUtils - normalizeApiError handles Error instances","invocations":1,"location":null,"numPassingAsserts":2,"retryReasons":[],"status":"passed","title":"handles Error instances"},{"ancestorTitles":["errorUtils - normalizeApiError"],"duration":1,"failureDetails":[],"failureMessages":[],"fullName":"errorUtils - normalizeApiError handles objects with direct message fields","invocations":1,"location":null,"numPassingAsserts":2,"retryReasons":[],"status":"passed","title":"handles objects with direct message fields"},{"ancestorTitles":["errorUtils - normalizeApiError"],"duration":0,"failureDetails":[],"failureMessages":[],"fullName":"errorUtils - normalizeApiError handles nested error envelopes","invocations":1,"location":null,"numPassingAsserts":1,"retryReasons":[],"status":"passed","title":"handles nested error envelopes"},{"ancestorTitles":["errorUtils - normalizeApiError"],"duration":1,"failureDetails":[],"failureMessages":[],"fullName":"errorUtils - normalizeApiError prevents [object Object] from leaking","invocations":1,"location":null,"numPassingAsserts":2,"retryReasons":[],"status":"passed","title":"prevents [object Object] from leaking"}],"endTime":1787137477083,"message":"","name":"D:\\Krishna website\\tests\\unit\\errorUtils.test.ts","startTime":1787137476784,"status":"passed","summary":""},{"assertionResults":[{"ancestorTitles":["Firestore Security Rules Hardening","Global & Wildcard Rule Checks"],"duration":1,"failureDetails":[],"failureMessages":[],"fullName":"Firestore Security Rules Hardening Global & Wildcard Rule Checks Must specify rules_version = \"2\"","invocations":1,"location":null,"numPassingAsserts":1,"retryReasons":[],"status":"passed","title":"Must specify rules_version = \"2\""},{"ancestorTitles":["Firestore Security Rules Hardening","Global & Wildcard Rule Checks"],"duration":0,"failureDetails":[],"failureMessages":[],"fullName":"Firestore Security Rules Hardening Global & Wildcard Rule Checks Must NOT contain global allow rule: allow read, write: if request.auth != null;","invocations":1,"location":null,"numPassingAsserts":1,"retryReasons":[],"status":"passed","title":"Must NOT contain global allow rule: allow read, write: if request.auth != null;"},{"ancestorTitles":["Firestore Security Rules Hardening","Global & Wildcard Rule Checks"],"duration":0,"failureDetails":[],"failureMessages":[],"fullName":"Firestore Security Rules Hardening Global & Wildcard Rule Checks Must NOT contain open access rule: allow read, write: if true;","invocations":1,"location":null,"numPassingAsserts":1,"retryReasons":[],"status":"passed","title":"Must NOT contain open access rule: allow read, write: if true;"},{"ancestorTitles":["Firestore Security Rules Hardening","Global & Wildcard Rule Checks"],"duration":1,"failureDetails":[],"failureMessages":[],"fullName":"Firestore Security Rules Hardening Global & Wildcard Rule Checks Must NOT have broad wildcard match /{document=**} with allow rule","invocations":1,"location":null,"numPassingAsserts":0,"retryReasons":[],"status":"passed","title":"Must NOT have broad wildcard match /{document=**} with allow rule"},{"ancestorTitles":["Firestore Security Rules Hardening","Users Collection Security (/users/{userId})"],"duration":0,"failureDetails":[],"failureMessages":[],"fullName":"Firestore Security Rules Hardening Users Collection Security (/users/{userId}) Contains /users/{userId} collection matcher","invocations":1,"location":null,"numPassingAsserts":1,"retryReasons":[],"status":"passed","title":"Contains /users/{userId} collection matcher"},{"ancestorTitles":["Firestore Security Rules Hardening","Users Collection Security (/users/{userId})"],"duration":0,"failureDetails":[],"failureMessages":[],"fullName":"Firestore Security Rules Hardening Users Collection Security (/users/{userId}) Enforces isOwner(userId) on read","invocations":1,"location":null,"numPassingAsserts":1,"retryReasons":[],"status":"passed","title":"Enforces isOwner(userId) on read"},{"ancestorTitles":["Firestore Security Rules Hardening","Users Collection Security (/users/{userId})"],"duration":1,"failureDetails":[],"failureMessages":[],"fullName":"Firestore Security Rules Hardening Users Collection Security (/users/{userId}) Enforces isOwner(userId) and UID consistency on create","invocations":1,"location":null,"numPassingAsserts":2,"retryReasons":[],"status":"passed","title":"Enforces isOwner(userId) and UID consistency on create"},{"ancestorTitles":["Firestore Security Rules Hardening","Users Collection Security (/users/{userId})"],"duration":0,"failureDetails":[],"failureMessages":[],"fullName":"Firestore Security Rules Hardening Users Collection Security (/users/{userId}) Prevents identity takeover on update","invocations":1,"location":null,"numPassingAsserts":2,"retryReasons":[],"status":"passed","title":"Prevents identity takeover on update"},{"ancestorTitles":["Firestore Security Rules Hardening","Users Collection Security (/users/{userId})"],"duration":0,"failureDetails":[],"failureMessages":[],"fullName":"Firestore Security Rules Hardening Users Collection Security (/users/{userId}) Enforces privilege escalation prevention (role, admin, isAdmin, permissions)","invocations":1,"location":null,"numPassingAsserts":4,"retryReasons":[],"status":"passed","title":"Enforces privilege escalation prevention (role, admin, isAdmin, permissions)"},{"ancestorTitles":["Firestore Security Rules Hardening","Users Collection Security (/users/{userId})"],"duration":1,"failureDetails":[],"failureMessages":[],"fullName":"Firestore Security Rules Hardening Users Collection Security (/users/{userId}) Enforces isOwner(userId) on delete","invocations":1,"location":null,"numPassingAsserts":1,"retryReasons":[],"status":"passed","title":"Enforces isOwner(userId) on delete"},{"ancestorTitles":["Firestore Security Rules Hardening","User Sessions Collection Security (/user_sessions/{sessionId})"],"duration":0,"failureDetails":[],"failureMessages":[],"fullName":"Firestore Security Rules Hardening User Sessions Collection Security (/user_sessions/{sessionId}) Contains /user_sessions/{sessionId} collection matcher","invocations":1,"location":null,"numPassingAsserts":1,"retryReasons":[],"status":"passed","title":"Contains /user_sessions/{sessionId} collection matcher"},{"ancestorTitles":["Firestore Security Rules Hardening","User Sessions Collection Security (/user_sessions/{sessionId})"],"duration":0,"failureDetails":[],"failureMessages":[],"fullName":"Firestore Security Rules Hardening User Sessions Collection Security (/user_sessions/{sessionId}) Enforces request.auth.uid matches incoming userId on create","invocations":1,"location":null,"numPassingAsserts":1,"retryReasons":[],"status":"passed","title":"Enforces request.auth.uid matches incoming userId on create"},{"ancestorTitles":["Firestore Security Rules Hardening","User Sessions Collection Security (/user_sessions/{sessionId})"],"duration":1,"failureDetails":[],"failureMessages":[],"fullName":"Firestore Security Rules Hardening User Sessions Collection Security (/user_sessions/{sessionId}) Enforces request.auth.uid matches existing userId on read","invocations":1,"location":null,"numPassingAsserts":1,"retryReasons":[],"status":"passed","title":"Enforces request.auth.uid matches existing userId on read"},{"ancestorTitles":["Firestore Security Rules Hardening","User Sessions Collection Security (/user_sessions/{sessionId})"],"duration":0,"failureDetails":[],"failureMessages":[],"fullName":"Firestore Security Rules Hardening User Sessions Collection Security (/user_sessions/{sessionId}) Enforces request.auth.uid matches existing & incoming userId on update (no transfer)","invocations":1,"location":null,"numPassingAsserts":1,"retryReasons":[],"status":"passed","title":"Enforces request.auth.uid matches existing & incoming userId on update (no transfer)"},{"ancestorTitles":["Firestore Security Rules Hardening","User Sessions Collection Security (/user_sessions/{sessionId})"],"duration":0,"failureDetails":[],"failureMessages":[],"fullName":"Firestore Security Rules Hardening User Sessions Collection Security (/user_sessions/{sessionId}) Enforces request.auth.uid matches existing userId on delete","invocations":1,"location":null,"numPassingAsserts":1,"retryReasons":[],"status":"passed","title":"Enforces request.auth.uid matches existing userId on delete"},{"ancestorTitles":["Firestore Security Rules Hardening","Application Query & Component Compatibility"],"duration":1,"failureDetails":[],"failureMessages":[],"fullName":"Firestore Security Rules Hardening Application Query & Component Compatibility FirebaseHealthCheck does not execute illegal unauthenticated collection queries","invocations":1,"location":null,"numPassingAsserts":1,"retryReasons":[],"status":"passed","title":"FirebaseHealthCheck does not execute illegal unauthenticated collection queries"},{"ancestorTitles":["Firestore Security Rules Hardening","Application Query & Component Compatibility"],"duration":1,"failureDetails":[],"failureMessages":[],"fullName":"Firestore Security Rules Hardening Application Query & Component Compatibility sessionService queries user_sessions only with where(\"userId\", \"==\", userId)","invocations":1,"location":null,"numPassingAsserts":1,"retryReasons":[],"status":"passed","title":"sessionService queries user_sessions only with where(\"userId\", \"==\", userId)"},{"ancestorTitles":["Firestore Security Rules Hardening","Application Query & Component Compatibility"],"duration":0,"failureDetails":[],"failureMessages":[],"fullName":"Firestore Security Rules Hardening Application Query & Component Compatibility googleAuthService syncs only to authenticated user.uid document in users collection","invocations":1,"location":null,"numPassingAsserts":1,"retryReasons":[],"status":"passed","title":"googleAuthService syncs only to authenticated user.uid document in users collection"}],"endTime":1787137477150,"message":"","name":"D:\\Krishna website\\tests\\unit\\firestoreSecurity.test.ts","startTime":1787137477088,"status":"passed","summary":""}],"wasInterrupted":false}
